2015/08/25 19:41:38 [language.go:46] [E] GetLang error key:d 
2015/08/25 19:41:38 [language.go:46] [E] GetLang error key:c 
2015/08/25 19:41:38 [language.go:46] [E] GetLang error key:ffdd 
2015/08/25 19:41:38 [language.go:46] [E] GetLang error key:c 
2015/08/25 19:41:38 [language.go:46] [E] GetLang error key:e 
2015/08/25 19:41:44 [language.go:46] [E] GetLang error key:d 
2015/08/25 19:41:44 [language.go:46] [E] GetLang error key:c 
2015/08/25 19:41:44 [language.go:46] [E] GetLang error key:ffdd 
2015/08/25 19:41:44 [language.go:46] [E] GetLang error key:c 
2015/08/25 19:41:44 [language.go:46] [E] GetLang error key:e 
2015/08/25 19:41:49 [language.go:46] [E] GetLang error key:d 
2015/08/25 19:41:49 [language.go:46] [E] GetLang error key:c 
2015/08/25 19:41:49 [language.go:46] [E] GetLang error key:ffdd 
2015/08/25 19:41:49 [language.go:46] [E] GetLang error key:c 
2015/08/25 19:41:49 [language.go:46] [E] GetLang error key:e 
2015/08/25 19:41:54 [language.go:46] [E] GetLang error key:d 
2015/08/25 19:41:54 [language.go:46] [E] GetLang error key:c 
2015/08/25 19:41:54 [language.go:46] [E] GetLang error key:ffdd 
2015/08/25 19:41:54 [language.go:46] [E] GetLang error key:c 
2015/08/25 19:41:54 [language.go:46] [E] GetLang error key:e 
2015/08/25 19:41:55 [language.go:46] [E] GetLang error key:d 
2015/08/25 19:41:55 [language.go:46] [E] GetLang error key:c 
2015/08/25 19:41:55 [language.go:46] [E] GetLang error key:ffdd 
2015/08/25 19:41:55 [language.go:46] [E] GetLang error key:c 
2015/08/25 19:41:55 [language.go:46] [E] GetLang error key:e 
2015/08/26 08:27:30 [asm_amd64.s:2232] [I] http server Running on :8080
2015/08/26 08:27:30 [asm_amd64.s:2232] [C] ListenAndServe: %!(EXTRA *net.OpError=listen tcp :8080: bind: address already in use)
2015/08/26 08:27:46 [asm_amd64.s:2232] [I] http server Running on :8080
2015/08/26 08:57:12 [language.go:46] [E] GetLang error key:d 
2015/08/26 08:57:12 [language.go:46] [E] GetLang error key:c 
2015/08/26 08:57:12 [language.go:46] [E] GetLang error key:ffdd 
2015/08/26 08:57:12 [language.go:46] [E] GetLang error key:c 
2015/08/26 08:57:12 [language.go:46] [E] GetLang error key:e 
2015/08/26 08:57:13 [language.go:46] [E] GetLang error key:d 
2015/08/26 08:57:13 [language.go:46] [E] GetLang error key:c 
2015/08/26 08:57:13 [language.go:46] [E] GetLang error key:ffdd 
2015/08/26 08:57:13 [language.go:46] [E] GetLang error key:c 
2015/08/26 08:57:13 [language.go:46] [E] GetLang error key:e 
2015/08/26 09:04:52 [language.go:46] [E] GetLang error key:d 
2015/08/26 09:04:52 [language.go:46] [E] GetLang error key:c 
2015/08/26 09:04:52 [language.go:46] [E] GetLang error key:ffdd 
2015/08/26 09:04:52 [language.go:46] [E] GetLang error key:c 
2015/08/26 09:04:52 [language.go:46] [E] GetLang error key:e 
2015/08/26 09:04:55 [language.go:46] [E] GetLang error key:d 
2015/08/26 09:04:55 [language.go:46] [E] GetLang error key:c 
2015/08/26 09:04:55 [language.go:46] [E] GetLang error key:ffdd 
2015/08/26 09:04:55 [language.go:46] [E] GetLang error key:c 
2015/08/26 09:04:55 [language.go:46] [E] GetLang error key:e 
2015/08/26 09:04:55 [language.go:46] [E] GetLang error key:d 
2015/08/26 09:04:55 [language.go:46] [E] GetLang error key:c 
2015/08/26 09:04:55 [language.go:46] [E] GetLang error key:ffdd 
2015/08/26 09:04:55 [language.go:46] [E] GetLang error key:c 
2015/08/26 09:04:55 [language.go:46] [E] GetLang error key:e 
2015/08/26 09:06:18 [language.go:46] [E] GetLang error key:d 
2015/08/26 09:06:18 [language.go:46] [E] GetLang error key:c 
2015/08/26 09:06:18 [language.go:46] [E] GetLang error key:ffdd 
2015/08/26 09:06:18 [language.go:46] [E] GetLang error key:c 
2015/08/26 09:06:18 [language.go:46] [E] GetLang error key:e 
2015/08/26 09:06:18 [language.go:46] [E] GetLang error key:d 
2015/08/26 09:06:18 [language.go:46] [E] GetLang error key:c 
2015/08/26 09:06:18 [language.go:46] [E] GetLang error key:ffdd 
2015/08/26 09:06:18 [language.go:46] [E] GetLang error key:c 
2015/08/26 09:06:18 [language.go:46] [E] GetLang error key:e 
2015/08/26 09:06:21 [language.go:46] [E] GetLang error key:d 
2015/08/26 09:06:21 [language.go:46] [E] GetLang error key:c 
2015/08/26 09:06:21 [language.go:46] [E] GetLang error key:ffdd 
2015/08/26 09:06:21 [language.go:46] [E] GetLang error key:c 
2015/08/26 09:06:21 [language.go:46] [E] GetLang error key:e 
2015/08/26 12:52:08 [asm_amd64.s:2232] [I] http server Running on :8080
2015/08/26 13:16:36 [asm_amd64.s:2232] [I] http server Running on :8080
2015/08/26 13:23:21 [asm_amd64.s:2232] [I] http server Running on :8080
2015/08/26 13:23:54 [asm_amd64.s:2232] [I] http server Running on :8080
2015/08/26 13:24:04 [asm_amd64.s:2232] [I] http server Running on :8080
2015/08/26 13:24:04 [asm_amd64.s:2232] [C] ListenAndServe: %!(EXTRA *net.OpError=listen tcp :8080: bind: address already in use)
2015/08/26 13:27:49 [asm_amd64.s:2232] [I] http server Running on :8080
2015/08/26 13:27:49 [asm_amd64.s:2232] [C] ListenAndServe: %!(EXTRA *net.OpError=listen tcp :8080: bind: address already in use)
2015/08/26 13:28:26 [asm_amd64.s:2232] [I] http server Running on 127.0.0.1:8000
2015/08/26 13:39:40 [asm_amd64.s:2232] [I] http server Running on :8080
2015/08/26 13:39:58 [asm_amd64.s:2232] [I] http server Running on 127.0.0.1:8000
2015/08/26 13:43:42 [asm_amd64.s:2232] [I] http server Running on 127.0.0.1:8000
2015/08/26 13:44:06 [asm_amd64.s:2232] [I] http server Running on 127.0.0.1:8000
2015/08/26 13:54:50 [asm_amd64.s:2232] [I] http server Running on :8080
2015/08/26 13:55:01 [asm_amd64.s:2232] [I] http server Running on :8080
2015/08/26 13:55:01 [asm_amd64.s:2232] [C] ListenAndServe: %!(EXTRA *net.OpError=listen tcp :8080: bind: address already in use)
2015/08/26 13:55:03 [asm_amd64.s:2232] [I] http server Running on :8080
2015/08/26 15:36:18 [language.go:46] [E] GetLang error key:d 
2015/08/26 15:36:18 [language.go:46] [E] GetLang error key:c 
2015/08/26 15:36:18 [language.go:46] [E] GetLang error key:ffdd 
2015/08/26 15:36:18 [language.go:46] [E] GetLang error key:c 
2015/08/26 15:36:18 [language.go:46] [E] GetLang error key:e 
2015/08/26 15:36:19 [language.go:46] [E] GetLang error key:d 
2015/08/26 15:36:19 [language.go:46] [E] GetLang error key:c 
2015/08/26 15:36:19 [language.go:46] [E] GetLang error key:ffdd 
2015/08/26 15:36:19 [language.go:46] [E] GetLang error key:c 
2015/08/26 15:36:19 [language.go:46] [E] GetLang error key:e 
2015/08/26 15:36:19 [language.go:46] [E] GetLang error key:d 
2015/08/26 15:36:19 [language.go:46] [E] GetLang error key:c 
2015/08/26 15:36:19 [language.go:46] [E] GetLang error key:ffdd 
2015/08/26 15:36:19 [language.go:46] [E] GetLang error key:c 
2015/08/26 15:36:19 [language.go:46] [E] GetLang error key:e 
2015/08/26 15:36:19 [language.go:46] [E] GetLang error key:d 
2015/08/26 15:36:19 [language.go:46] [E] GetLang error key:c 
2015/08/26 15:36:19 [language.go:46] [E] GetLang error key:ffdd 
2015/08/26 15:36:19 [language.go:46] [E] GetLang error key:c 
2015/08/26 15:36:19 [language.go:46] [E] GetLang error key:e 
2015/08/26 15:36:20 [language.go:46] [E] GetLang error key:d 
2015/08/26 15:36:20 [language.go:46] [E] GetLang error key:c 
2015/08/26 15:36:20 [language.go:46] [E] GetLang error key:ffdd 
2015/08/26 15:36:20 [language.go:46] [E] GetLang error key:c 
2015/08/26 15:36:20 [language.go:46] [E] GetLang error key:e 
2015/08/26 15:36:20 [language.go:46] [E] GetLang error key:d 
2015/08/26 15:36:20 [language.go:46] [E] GetLang error key:c 
2015/08/26 15:36:20 [language.go:46] [E] GetLang error key:ffdd 
2015/08/26 15:36:20 [language.go:46] [E] GetLang error key:c 
2015/08/26 15:36:20 [language.go:46] [E] GetLang error key:e 
2015/08/26 15:36:20 [language.go:46] [E] GetLang error key:d 
2015/08/26 15:36:20 [language.go:46] [E] GetLang error key:c 
2015/08/26 15:36:20 [language.go:46] [E] GetLang error key:ffdd 
2015/08/26 15:36:20 [language.go:46] [E] GetLang error key:c 
2015/08/26 15:36:20 [language.go:46] [E] GetLang error key:e 
2015/08/26 15:36:20 [language.go:46] [E] GetLang error key:d 
2015/08/26 15:36:20 [language.go:46] [E] GetLang error key:c 
2015/08/26 15:36:20 [language.go:46] [E] GetLang error key:ffdd 
2015/08/26 15:36:20 [language.go:46] [E] GetLang error key:c 
2015/08/26 15:36:20 [language.go:46] [E] GetLang error key:e 
2015/08/26 19:31:43 [asm_amd64.s:2232] [I] http server Running on :8080
2015/08/26 19:41:39 [asm_amd64.s:2232] [I] http server Running on :8080
2015/08/26 19:41:43 [main.go:27] [I] User:admin login as role:role_admin 
2015/08/26 19:41:47 [language.go:46] [E] GetLang error key:d 
2015/08/26 19:41:47 [language.go:46] [E] GetLang error key:c 
2015/08/26 19:41:47 [language.go:46] [E] GetLang error key:ffdd 
2015/08/26 19:41:47 [language.go:46] [E] GetLang error key:c 
2015/08/26 19:41:47 [language.go:46] [E] GetLang error key:e 
2015/08/26 19:41:48 [language.go:46] [E] GetLang error key:d 
2015/08/26 19:41:48 [language.go:46] [E] GetLang error key:c 
2015/08/26 19:41:48 [language.go:46] [E] GetLang error key:ffdd 
2015/08/26 19:41:48 [language.go:46] [E] GetLang error key:c 
2015/08/26 19:41:48 [language.go:46] [E] GetLang error key:e 
2015/08/26 19:41:48 [language.go:46] [E] GetLang error key:d 
2015/08/26 19:41:48 [language.go:46] [E] GetLang error key:c 
2015/08/26 19:41:48 [language.go:46] [E] GetLang error key:ffdd 
2015/08/26 19:41:48 [language.go:46] [E] GetLang error key:c 
2015/08/26 19:41:48 [language.go:46] [E] GetLang error key:e 
2015/08/26 19:41:53 [language.go:46] [E] GetLang error key:d 
2015/08/26 19:41:53 [language.go:46] [E] GetLang error key:c 
2015/08/26 19:41:53 [language.go:46] [E] GetLang error key:ffdd 
2015/08/26 19:41:53 [language.go:46] [E] GetLang error key:c 
2015/08/26 19:41:53 [language.go:46] [E] GetLang error key:e 
2015/08/26 19:47:51 [asm_amd64.s:2232] [I] http server Running on :8080
2015/08/26 19:47:55 [main.go:27] [I] User:admin login as role:role_admin 
2015/08/26 19:48:00 [main.go:50] [I] User:admin login as role:role_admin 
2015/08/26 19:49:12 [main.go:50] [I] User:admin login as role:role_admin 
2015/08/26 19:51:54 [asm_amd64.s:2232] [I] http server Running on :8080
2015/08/26 19:52:01 [main.go:50] [I] User:admin login as role:role_admin 
2015/08/26 19:56:33 [asm_amd64.s:2232] [I] http server Running on :8080
2015/08/26 19:56:39 [main.go:50] [I] User:admin login as role:role_admin 
2015/08/26 19:59:34 [main.go:50] [I] User:admin login as role:role_admin 
